R:\Program Files (x86)\Microsoft Visual Studio\2019\Community\MSBuild\Microsoft\VC\v160\Microsoft.CppBuild.targets(467,5): warning MSB8028: The intermediate directory (x64\Debug\) contains files shared from another project (tst.vcxproj).  This can lead to incorrect clean and rebuild behavior.
  dynamic_level_script_builder_test.cpp
R:\Documents\CppWorkspace\sm64-port\src\common\scripts\i_script_part.hpp(58,1): warning C4267: 'argument': conversion from 'size_t' to 'const int', possible loss of data
R:\Documents\CppWorkspace\sm64-port\src\common\scripts\i_script_part.hpp(57): message : while compiling class template member function 'void MultipleScriptPart<LevelScript>::build_into(TScript *,int &) const'
          with
          [
              TScript=LevelScript
          ]
R:\Program Files (x86)\Microsoft Visual Studio\2019\Community\VC\Tools\MSVC\14.26.28801\include\type_traits(468): message : see reference to class template instantiation 'MultipleScriptPart<LevelScript>' being compiled
R:\Program Files (x86)\Microsoft Visual Studio\2019\Community\VC\Tools\MSVC\14.26.28801\include\memory(952): message : see reference to class template instantiation 'std::is_convertible<_Yty *,_Ty *>' being compiled
          with
          [
              _Yty=MultipleScriptPart<LevelScript>,
              _Ty=IScriptPart<LevelScript>
          ]
R:\Documents\CppWorkspace\sm64-port\src\common\scripts\dynamic_level_script_builder.cpp(23): message : see reference to class template instantiation 'std::_SP_pointer_compatible<MultipleScriptPart<LevelScript>,IScriptPart<TScript>>' being compiled
          with
          [
              TScript=LevelScript
          ]
R:\Documents\CppWorkspace\sm64-port\src\common\scripts\i_script_part.hpp(55,1): warning C4267: 'return': conversion from 'size_t' to 'int', possible loss of data
R:\Documents\CppWorkspace\sm64-port\src\common\scripts\i_script_part.hpp(55): message : while compiling class template member function 'int MultipleScriptPart<LevelScript>::size(void) const'
R:\Documents\CppWorkspace\sm64-port\src\common\scripts\util.cpp(22,1): warning C4267: 'argument': conversion from 'size_t' to 'const int', possible loss of data
R:\Documents\CppWorkspace\sm64-port\src\common\scripts\level_script_part.cpp(34): message : see reference to function template instantiation 'void append_scripts<LevelScript>(TScript *,int &,std::initializer_list<const TScript>)' being compiled
          with
          [
              TScript=LevelScript
          ]
  validation_node_test.cpp
  Generating Code...
  tst.vcxproj -> R:\Documents\CppWorkspace\sm64-port\x64\Debug\sm64-port-test.exe
